<?xml version="1.0" encoding="UTF-8"?>
<testng-results skipped="0" failed="0" ignored="0" total="1" passed="1">
  <reporter-output>
  </reporter-output>
  <suite name="Default suite" duration-ms="52" started-at="2022-12-05T10:43:03Z" finished-at="2022-12-05T10:43:03Z">
    <groups>
    </groups>
    <test name="Default test" duration-ms="52" started-at="2022-12-05T10:43:03Z" finished-at="2022-12-05T10:43:03Z">
      <class name="samplePractice.BuildDeploy3">
        <test-method status="PASS" signature="updated()[pri:0, instance:samplePractice.BuildDeploy3@59f99ea]" name="updated" duration-ms="15" started-at="2022-12-05T16:13:03Z" finished-at="2022-12-05T16:13:03Z">
          <reporter-output>
          </reporter-output>
        </test-method> <!-- updated -->
      </class> <!-- samplePractice.BuildDeploy3 -->
    </test> <!-- Default test -->
  </suite> <!-- Default suite -->
</testng-results>
